  bitstream.cpp
  common.cpp
  constants.cpp
  cpu.cpp
  cudata.cpp
  dct.cpp
  deblock.cpp
  frame.cpp
  framedata.cpp
  intrapred.cpp
  ipfilter.cpp
  loopfilter.cpp
  lowpassdct.cpp
  lowres.cpp
  md5.cpp
  param.cpp
  piclist.cpp
  picyuv.cpp
  pixel.cpp
  predict.cpp
  primitives.cpp
  quant.cpp
  scalinglist.cpp
  shortyuv.cpp
  slice.cpp
  threading.cpp
  threadpool.cpp
  wavefront.cpp
  winxp.cpp
  yuv.cpp
  version.cpp
  common.vcxproj -> C:\wgq\Codec\x265_3.2\build\common\common.dir\Debug\common.lib
