Determining if the strtok_r exist failed with the following output:
Change Dir: C:/wgq/Codec/x265_3.2/build/CMakeFiles/CMakeTmp

Run Build Command(s):C:/Program Files (x86)/MSBuild/14.0/bin/MSBuild.exe cmTC_d75dc.vcxproj /p:Configuration=Debug /p:Platform=Win32 /p:VisualStudioVersion=14.0 /v:m && Microsoft (R) 生成引擎版本 14.0.25420.1
版权所有(C) Microsoft Corporation。保留所有权利。

  用于 x86 的 Microsoft (R) C/C++ 优化编译器 19.00.24215.1 版
  版权所有(C) Microsoft Corporation。保留所有权利。
  
  cl /c /Zi /W3 /WX- /Od /Ob0 /Oy- /D WIN32 /D _WINDOWS /D "CMAKE_INTDIR=\"Debug\"" /D _MBCS /Gm- /RTC1 /MDd /GS /fp:precise /Zc:wchar_t /Zc:forScope /Zc:inline /Fo"cmTC_d75dc.dir\Debug\\" /Fd"cmTC_d75dc.dir\Debug\vc140.pdb" /Gd /TC /analyze- /errorReport:queue C:\wgq\Codec\x265_3.2\build\CMakeFiles\CMakeTmp\CheckSymbolExists.c
  
  CheckSymbolExists.c
C:\wgq\Codec\x265_3.2\build\CMakeFiles\CMakeTmp\CheckSymbolExists.c(8): error C2065: “strtok_r”: 未声明的标识符 [C:\wgq\Codec\x265_3.2\build\CMakeFiles\CMakeTmp\cmTC_d75dc.vcxproj]


File C:/wgq/Codec/x265_3.2/build/CMakeFiles/CMakeTmp/CheckSymbolExists.c:
/* */
#include <string.h>

int main(int argc, char** argv)
{
  (void)argv;
#ifndef strtok_r
  return ((int*)(&strtok_r))[argc];
#else
  (void)argc;
  return 0;
#endif
}
Determining if files getopt.h exist failed with the following output:
Change Dir: C:/wgq/Codec/x265_3.2/build/CMakeFiles/CMakeTmp

Run Build Command(s):C:/Program Files (x86)/MSBuild/14.0/bin/MSBuild.exe cmTC_7f538.vcxproj /p:Configuration=Debug /p:Platform=Win32 /p:VisualStudioVersion=14.0 /v:m && Microsoft (R) 生成引擎版本 14.0.25420.1
版权所有(C) Microsoft Corporation。保留所有权利。

  用于 x86 的 Microsoft (R) C/C++ 优化编译器 19.00.24215.1 版
  版权所有(C) Microsoft Corporation。保留所有权利。
  
  cl /c /Zi /W3 /WX- /Od /Ob0 /Oy- /D WIN32 /D _WINDOWS /D "CMAKE_INTDIR=\"Debug\"" /D _MBCS /Gm- /RTC1 /MDd /GS /fp:precise /Zc:wchar_t /Zc:forScope /Zc:inline /Fo"cmTC_7f538.dir\Debug\\" /Fd"cmTC_7f538.dir\Debug\vc140.pdb" /Gd /TC /analyze- /errorReport:queue C:\wgq\Codec\x265_3.2\build\CMakeFiles\CheckIncludeFiles\HAVE_GETOPT_H.c
  
  HAVE_GETOPT_H.c
C:\wgq\Codec\x265_3.2\build\CMakeFiles\CheckIncludeFiles\HAVE_GETOPT_H.c(2): fatal error C1083: 无法打开包括文件: “getopt.h”: No such file or directory [C:\wgq\Codec\x265_3.2\build\CMakeFiles\CMakeTmp\cmTC_7f538.vcxproj]


Source:
/* */
#include <getopt.h>


int main(void){return 0;}

